Using pre-set license
Built from '2020.3/staging' branch; Version is '2020.3.24f1 (79c78de19888) revision 7980941'; Using compiler version '192528614'; Build Type 'Release'
OS: 'Windows 11  (10.0.22000) 64bit Core' Language: 'de' Physical Memory: 7865 MB
BatchMode: 1, IsHumanControllingUs: 0, StartBugReporterOnCrash: 0, Is64bit: 1, IsPro: 0

COMMAND LINE ARGUMENTS:
C:\Users\kglue\OneDrive\Dokumente\Unity\git\2020.3.24f1\Editor\Unity.exe
-adb2
-batchMode
-noUpm
-name
AssetImportWorker0
-projectPath
C:/Git/Blackfish
-logFile
Logs/AssetImportWorker0.log
-srvPort
65078
Successfully changed project path to: C:/Git/Blackfish
C:/Git/Blackfish
Using Asset Import Pipeline V2.
Refreshing native plugins compatible for Editor in 34.26 ms, found 2 plugins.
Preloading 0 native plugins for Editor in 0.00 ms.
Initialize engine version: 2020.3.24f1 (79c78de19888)
[Subsystems] Discovering subsystems at path C:/Users/kglue/OneDrive/Dokumente/Unity/git/2020.3.24f1/Editor/Data/Resources/UnitySubsystems
[Subsystems] Discovering subsystems at path C:/Git/Blackfish/Assets
GfxDevice: creating device client; threaded=0
Direct3D:
    Version:  Direct3D 11.0 [level 11.1]
    Renderer: Intel(R) Iris(R) Xe Graphics (ID=0x9a49)
    Vendor:   
    VRAM:     3932 MB
    Driver:   30.0.101.2079
Initialize mono
Mono path[0] = 'C:/Users/kglue/OneDrive/Dokumente/Unity/git/2020.3.24f1/Editor/Data/Managed'
Mono path[1] = 'C:/Users/kglue/OneDrive/Dokumente/Unity/git/2020.3.24f1/Editor/Data/MonoBleedingEdge/lib/mono/unityjit'
Mono config path = 'C:/Users/kglue/OneDrive/Dokumente/Unity/git/2020.3.24f1/Editor/Data/MonoBleedingEdge/etc'
Using monoOptions --debugger-agent=transport=dt_socket,embedding=1,server=y,suspend=n,address=127.0.0.1:56756
Begin MonoManager ReloadAssembly
Registering precompiled unity dll's ...
Register platform support module: C:/Users/kglue/OneDrive/Dokumente/Unity/git/2020.3.24f1/Editor/Data/PlaybackEngines/WindowsStandaloneSupport/UnityEditor.WindowsStandalone.Extensions.dll
Registered in 0.001444 seconds.
Native extension for WindowsStandalone target not found
Refreshing native plugins compatible for Editor in 52.52 ms, found 2 plugins.
Preloading 0 native plugins for Editor in 0.00 ms.
Mono: successfully reloaded assembly
- Completed reload, in  0.744 seconds
Domain Reload Profiling:
	ReloadAssembly (744ms)
		BeginReloadAssembly (99ms)
			ExecutionOrderSort (0ms)
			DisableScriptedObjects (0ms)
			BackupInstance (0ms)
			ReleaseScriptingObjects (0ms)
			CreateAndSetChildDomain (1ms)
		EndReloadAssembly (562ms)
			LoadAssemblies (97ms)
			RebuildTransferFunctionScriptingTraits (0ms)
			SetupTypeCache (162ms)
			ReleaseScriptCaches (0ms)
			RebuildScriptCaches (33ms)
			SetupLoadedEditorAssemblies (252ms)
				LogAssemblyErrors (0ms)
				InitializePlatformSupportModulesInManaged (6ms)
				SetLoadedEditorAssemblies (0ms)
				RefreshPlugins (53ms)
				BeforeProcessingInitializeOnLoad (28ms)
				ProcessInitializeOnLoadAttributes (125ms)
				ProcessInitializeOnLoadMethodAttributes (41ms)
				AfterProcessingInitializeOnLoad (0ms)
				EditorAssembliesLoaded (0ms)
			ExecutionOrderSort2 (0ms)
			AwakeInstancesAfterBackupRestoration (0ms)
Platform modules already initialized, skipping
Registering precompiled user dll's ...
Registered in 0.003463 seconds.
Begin MonoManager ReloadAssembly
Native extension for WindowsStandalone target not found
Refreshing native plugins compatible for Editor in 0.42 ms, found 2 plugins.
Preloading 0 native plugins for Editor in 0.00 ms.
Mono: successfully reloaded assembly
- Completed reload, in  1.057 seconds
Domain Reload Profiling:
	ReloadAssembly (1058ms)
		BeginReloadAssembly (149ms)
			ExecutionOrderSort (0ms)
			DisableScriptedObjects (5ms)
			BackupInstance (0ms)
			ReleaseScriptingObjects (0ms)
			CreateAndSetChildDomain (21ms)
		EndReloadAssembly (839ms)
			LoadAssemblies (84ms)
			RebuildTransferFunctionScriptingTraits (0ms)
			SetupTypeCache (245ms)
			ReleaseScriptCaches (1ms)
			RebuildScriptCaches (61ms)
			SetupLoadedEditorAssemblies (352ms)
				LogAssemblyErrors (0ms)
				InitializePlatformSupportModulesInManaged (5ms)
				SetLoadedEditorAssemblies (0ms)
				RefreshPlugins (0ms)
				BeforeProcessingInitializeOnLoad (87ms)
				ProcessInitializeOnLoadAttributes (241ms)
				ProcessInitializeOnLoadMethodAttributes (11ms)
				AfterProcessingInitializeOnLoad (7ms)
				EditorAssembliesLoaded (1ms)
			ExecutionOrderSort2 (0ms)
			AwakeInstancesAfterBackupRestoration (10ms)
Platform modules already initialized, skipping
========================================================================
Worker process is ready to serve import requests
Launched and connected shader compiler UnityShaderCompiler.exe after 0.06 seconds
Refreshing native plugins compatible for Editor in 0.41 ms, found 2 plugins.
Preloading 0 native plugins for Editor in 0.00 ms.
Unloading 1505 Unused Serialized files (Serialized files now loaded: 0)
System memory in use before: 67.5 MB.
System memory in use after: 67.6 MB.

Unloading 19 unused Assets to reduce memory usage. Loaded Objects now: 1935.
Total: 4.712300 ms (FindLiveObjects: 0.132600 ms CreateObjectMapping: 0.056700 ms MarkObjects: 4.436000 ms  DeleteObjects: 0.085100 ms)

AssetImportParameters requested are different than current active one (requested -> active):
  custom:framework-win-MediaFoundation: 216162199b28c13a410421893ffa2e32 -> 
  custom:video-decoder-ogg-theora: a1e56fd34408186e4bbccfd4996cb3dc -> 
  custom:container-muxer-webm: aa71ff27fc2769a1b78a27578f13a17b -> 
  custom:container-demuxer-webm: 4f35f7cbe854078d1ac9338744f61a02 -> 
  custom:container-demuxer-ogg: 62fdf1f143b41e24485cea50d1cbac27 -> 
  custom:video-encoder-webm-vp8: eb34c28f22e8b96e1ab97ce403110664 -> 
  custom:video-codec-MediaFoundation-h265: 746d11721c4dcdbdad8f713fa42b33f4 -> 
  custom:video-decoder-webm-vp8: 9c59270c3fd7afecdb556c50c9e8de78 -> 
  custom:audio-decoder-ogg-vorbis: bf7c407c2cedff20999df2af8eb42d56 -> 
  custom:audio-encoder-webm-vorbis: bf7c407c2cedff20999df2af8eb42d56 -> 
========================================================================
Received Import Request.
  path: Assets/Sprites
  artifactKey: Guid(60c05a829e559434389237789a5bbd4a) Importer(815301076,1909f56bfc062723c751e8b465ee728b)
Start importing Assets/Sprites using Guid(60c05a829e559434389237789a5bbd4a) Importer(815301076,1909f56bfc062723c751e8b465ee728b)  -> (artifact id: '13229b31e152f4d913cddf23380844fa') in 0.023018 seconds 
  Import took 0.027573 seconds .

========================================================================
Received Import Request.
  Time since last request: 0.001008 seconds.
  path: Assets/Sprites/Orca_MainSprite.png
  artifactKey: Guid(14e7fcfb32501de4e8a4e99c7e666c87) Importer(815301076,1909f56bfc062723c751e8b465ee728b)
Start importing Assets/Sprites/Orca_MainSprite.png using Guid(14e7fcfb32501de4e8a4e99c7e666c87) Importer(815301076,1909f56bfc062723c751e8b465ee728b)  -> (artifact id: '2f7b04fa68b236242388741c78c98b55') in 0.300556 seconds 
  Import took 0.304420 seconds .

========================================================================
Received Import Request.
  Time since last request: 2.775550 seconds.
  path: Assets
  artifactKey: Guid(00000000000000001000000000000000) Importer(815301076,1909f56bfc062723c751e8b465ee728b)
Start importing Assets using Guid(00000000000000001000000000000000) Importer(815301076,1909f56bfc062723c751e8b465ee728b)  -> (artifact id: '42d402b061de3733987d63b9cc3b64de') in 0.014448 seconds 
  Import took 0.026456 seconds .

========================================================================
Received Import Request.
  Time since last request: 1.017966 seconds.
  path: Assets/Scenes
  artifactKey: Guid(22619ef80113ad4468909bd488760216) Importer(815301076,1909f56bfc062723c751e8b465ee728b)
Start importing Assets/Scenes using Guid(22619ef80113ad4468909bd488760216) Importer(815301076,1909f56bfc062723c751e8b465ee728b)  -> (artifact id: '9aadab98b01102001172d1aa3c862355') in 0.020888 seconds 
  Import took 0.024398 seconds .

========================================================================
Received Import Request.
  Time since last request: 12.076887 seconds.
  path: Assets/Environment
  artifactKey: Guid(5f94c7170ec27f0448f6e9b81034b83b) Importer(815301076,1909f56bfc062723c751e8b465ee728b)
Start importing Assets/Environment using Guid(5f94c7170ec27f0448f6e9b81034b83b) Importer(815301076,1909f56bfc062723c751e8b465ee728b)  -> (artifact id: 'af32c3f84c8828badaa864889226b3d3') in 0.018502 seconds 
  Import took 0.022416 seconds .

========================================================================
Received Import Request.
  Time since last request: 21.527171 seconds.
  path: Assets/Environment/Ocean_Ground
  artifactKey: Guid(ec02c4448c3b5204395a1dd89b1812a3) Importer(815301076,1909f56bfc062723c751e8b465ee728b)
Start importing Assets/Environment/Ocean_Ground using Guid(ec02c4448c3b5204395a1dd89b1812a3) Importer(815301076,1909f56bfc062723c751e8b465ee728b)  -> (artifact id: '420ceebd57202d16838560d3220d9bda') in 0.011236 seconds 
  Import took 0.014998 seconds .

========================================================================
Received Import Request.
  Time since last request: 13.859863 seconds.
  path: Assets/Environment/Ocean_Ground/Wellenbewegung_0000.png
  artifactKey: Guid(c36097ed2c1a6ba4fab3ea426fd438e2) Importer(815301076,1909f56bfc062723c751e8b465ee728b)
Start importing Assets/Environment/Ocean_Ground/Wellenbewegung_0000.png using Guid(c36097ed2c1a6ba4fab3ea426fd438e2) Importer(815301076,1909f56bfc062723c751e8b465ee728b)  -> (artifact id: '4e63c5a9e24af266635d870b5a82a9df') in 0.031019 seconds 
  Import took 0.038164 seconds .

========================================================================
Received Import Request.
  Time since last request: 0.000464 seconds.
  path: Assets/Environment/Ocean_Ground/Wellenbewegung_0014.png
  artifactKey: Guid(78d0b2caa298f414291a91b865ba417f) Importer(815301076,1909f56bfc062723c751e8b465ee728b)
Start importing Assets/Environment/Ocean_Ground/Wellenbewegung_0014.png using Guid(78d0b2caa298f414291a91b865ba417f) Importer(815301076,1909f56bfc062723c751e8b465ee728b)  -> (artifact id: 'd4238b20813d00e12e1f470bf9a0e9aa') in 0.036409 seconds 
  Import took 0.043941 seconds .

========================================================================
Received Import Request.
  Time since last request: 0.000414 seconds.
  path: Assets/Environment/Ocean_Ground/Wellenbewegung_0003.png
  artifactKey: Guid(d05f42166620581449ce46ed5f571a3c) Importer(815301076,1909f56bfc062723c751e8b465ee728b)
Start importing Assets/Environment/Ocean_Ground/Wellenbewegung_0003.png using Guid(d05f42166620581449ce46ed5f571a3c) Importer(815301076,1909f56bfc062723c751e8b465ee728b)  -> (artifact id: '8dd3362e85b372033370c676eb08c931') in 0.036255 seconds 
  Import took 0.044387 seconds .

========================================================================
Received Import Request.
  Time since last request: 0.000414 seconds.
  path: Assets/Environment/Ocean_Ground/Wellenbewegung_0004.png
  artifactKey: Guid(bc165aed66f99b0419882b3a85a7eb66) Importer(815301076,1909f56bfc062723c751e8b465ee728b)
Start importing Assets/Environment/Ocean_Ground/Wellenbewegung_0004.png using Guid(bc165aed66f99b0419882b3a85a7eb66) Importer(815301076,1909f56bfc062723c751e8b465ee728b)  -> (artifact id: '478873d92f0c73399ba5419c8e500dda') in 0.028658 seconds 
  Import took 0.043980 seconds .

========================================================================
Received Import Request.
  Time since last request: 0.000398 seconds.
  path: Assets/Environment/Ocean_Ground/Wellenbewegung_0008.png
  artifactKey: Guid(1cf0ace082782c64291b7b9e1f4bb616) Importer(815301076,1909f56bfc062723c751e8b465ee728b)
Start importing Assets/Environment/Ocean_Ground/Wellenbewegung_0008.png using Guid(1cf0ace082782c64291b7b9e1f4bb616) Importer(815301076,1909f56bfc062723c751e8b465ee728b)  -> (artifact id: 'ee7d2e3de89769542aa8a368575e9748') in 0.036029 seconds 
  Import took 0.042909 seconds .

========================================================================
Received Import Request.
  Time since last request: 0.000436 seconds.
  path: Assets/Environment/Ocean_Ground/Wellenbewegung_0009.png
  artifactKey: Guid(038adc99c3f279f4d8285f3f78fcb86c) Importer(815301076,1909f56bfc062723c751e8b465ee728b)
Start importing Assets/Environment/Ocean_Ground/Wellenbewegung_0009.png using Guid(038adc99c3f279f4d8285f3f78fcb86c) Importer(815301076,1909f56bfc062723c751e8b465ee728b)  -> (artifact id: '2f81a6a434b9bbbc7810b29070a34a83') in 0.035293 seconds 
  Import took 0.040847 seconds .

========================================================================
Received Import Request.
  Time since last request: 0.000360 seconds.
  path: Assets/Environment/Ocean_Ground/Wellenbewegung_0010.png
  artifactKey: Guid(e57bacc2176da4f4282c8b69b8803487) Importer(815301076,1909f56bfc062723c751e8b465ee728b)
Start importing Assets/Environment/Ocean_Ground/Wellenbewegung_0010.png using Guid(e57bacc2176da4f4282c8b69b8803487) Importer(815301076,1909f56bfc062723c751e8b465ee728b)  -> (artifact id: '69fb9e3da4af26468432f0f9a7a33ee7') in 0.033549 seconds 
  Import took 0.048185 seconds .

========================================================================
Received Import Request.
  Time since last request: 0.000425 seconds.
  path: Assets/Environment/Ocean_Ground/Wellenbewegung_0002.png
  artifactKey: Guid(deed3766444620343aee9a86b1b2678d) Importer(815301076,1909f56bfc062723c751e8b465ee728b)
Start importing Assets/Environment/Ocean_Ground/Wellenbewegung_0002.png using Guid(deed3766444620343aee9a86b1b2678d) Importer(815301076,1909f56bfc062723c751e8b465ee728b)  -> (artifact id: 'c7204527b6e766c7633954adbd9e12cd') in 0.035144 seconds 
  Import took 0.042292 seconds .

========================================================================
Received Import Request.
  Time since last request: 0.000389 seconds.
  path: Assets/Environment/Ocean_Ground/Wellenbewegung_0011.png
  artifactKey: Guid(1ef7a8fd7820dee4c8f0f77cac134ec1) Importer(815301076,1909f56bfc062723c751e8b465ee728b)
Start importing Assets/Environment/Ocean_Ground/Wellenbewegung_0011.png using Guid(1ef7a8fd7820dee4c8f0f77cac134ec1) Importer(815301076,1909f56bfc062723c751e8b465ee728b)  -> (artifact id: 'b50008d47ccd0323f9ecfa366d62634f') in 0.025877 seconds 
  Import took 0.030392 seconds .

========================================================================
Received Import Request.
  Time since last request: 0.000262 seconds.
  path: Assets/Environment/Ocean_Ground/Wellenbewegung_0018.png
  artifactKey: Guid(67e65717a7e44c843b66d501cc8f0b1d) Importer(815301076,1909f56bfc062723c751e8b465ee728b)
Start importing Assets/Environment/Ocean_Ground/Wellenbewegung_0018.png using Guid(67e65717a7e44c843b66d501cc8f0b1d) Importer(815301076,1909f56bfc062723c751e8b465ee728b)  -> (artifact id: '56bd4482ebf16d0406393950b49e8030') in 0.024099 seconds 
  Import took 0.027313 seconds .

========================================================================
Received Import Request.
  Time since last request: 0.000362 seconds.
  path: Assets/Environment/Ocean_Ground/Wellenbewegung_0001.png
  artifactKey: Guid(ec136a656deafeb42905477319880927) Importer(815301076,1909f56bfc062723c751e8b465ee728b)
Start importing Assets/Environment/Ocean_Ground/Wellenbewegung_0001.png using Guid(ec136a656deafeb42905477319880927) Importer(815301076,1909f56bfc062723c751e8b465ee728b)  -> (artifact id: '2dda36fa2cd05c3c787381fb3ace4682') in 0.021024 seconds 
  Import took 0.024135 seconds .

========================================================================
Received Import Request.
  Time since last request: 0.000288 seconds.
  path: Assets/Environment/Ocean_Ground/Wellenbewegung_0012.png
  artifactKey: Guid(74b5738b1bdda184ebd2f07f09f0407b) Importer(815301076,1909f56bfc062723c751e8b465ee728b)
Start importing Assets/Environment/Ocean_Ground/Wellenbewegung_0012.png using Guid(74b5738b1bdda184ebd2f07f09f0407b) Importer(815301076,1909f56bfc062723c751e8b465ee728b)  -> (artifact id: '0d45a4111f00a8b6ced1dec4504d7613') in 0.023698 seconds 
  Import took 0.027395 seconds .

========================================================================
Received Import Request.
  Time since last request: 0.000279 seconds.
  path: Assets/Environment/Ocean_Ground/Wellenbewegung_0019.png
  artifactKey: Guid(5f5ee702c82fbf44c8514f45bbd419fa) Importer(815301076,1909f56bfc062723c751e8b465ee728b)
Start importing Assets/Environment/Ocean_Ground/Wellenbewegung_0019.png using Guid(5f5ee702c82fbf44c8514f45bbd419fa) Importer(815301076,1909f56bfc062723c751e8b465ee728b)  -> (artifact id: '857a9b18278677a5a7d294d7c066ba0a') in 0.022425 seconds 
  Import took 0.026287 seconds .

========================================================================
Received Import Request.
  Time since last request: 0.000287 seconds.
  path: Assets/Environment/Ocean_Ground/Wellenbewegung_0016.png
  artifactKey: Guid(38cca7ca415ba8b40b156c00f3b71e5c) Importer(815301076,1909f56bfc062723c751e8b465ee728b)
Start importing Assets/Environment/Ocean_Ground/Wellenbewegung_0016.png using Guid(38cca7ca415ba8b40b156c00f3b71e5c) Importer(815301076,1909f56bfc062723c751e8b465ee728b)  -> (artifact id: '31e248101199dbbff47bf0f2802a2f78') in 0.019807 seconds 
  Import took 0.022889 seconds .

========================================================================
Received Import Request.
  Time since last request: 0.000297 seconds.
  path: Assets/Environment/Ocean_Ground/Wellenbewegung_0007.png
  artifactKey: Guid(b4a12d47a052d284ab54b199f84fceaa) Importer(815301076,1909f56bfc062723c751e8b465ee728b)
Start importing Assets/Environment/Ocean_Ground/Wellenbewegung_0007.png using Guid(b4a12d47a052d284ab54b199f84fceaa) Importer(815301076,1909f56bfc062723c751e8b465ee728b)  -> (artifact id: '02417009865f0da2527a1581d15cb283') in 0.021741 seconds 
  Import took 0.029841 seconds .

========================================================================
Received Import Request.
  Time since last request: 0.000318 seconds.
  path: Assets/Environment/Ocean_Ground/Wellenbewegung_0015.png
  artifactKey: Guid(ddbd0cc3856c84c4b9a45ffd2eaa402c) Importer(815301076,1909f56bfc062723c751e8b465ee728b)
Start importing Assets/Environment/Ocean_Ground/Wellenbewegung_0015.png using Guid(ddbd0cc3856c84c4b9a45ffd2eaa402c) Importer(815301076,1909f56bfc062723c751e8b465ee728b)  -> (artifact id: 'bcb76a73183f94038f192554322adc30') in 0.022814 seconds 
  Import took 0.026352 seconds .

========================================================================
Received Import Request.
  Time since last request: 0.000303 seconds.
  path: Assets/Environment/Ocean_Ground/Wellenbewegung_0013.png
  artifactKey: Guid(243b873619e8fb0408f1c1be4b1e9d01) Importer(815301076,1909f56bfc062723c751e8b465ee728b)
Start importing Assets/Environment/Ocean_Ground/Wellenbewegung_0013.png using Guid(243b873619e8fb0408f1c1be4b1e9d01) Importer(815301076,1909f56bfc062723c751e8b465ee728b)  -> (artifact id: 'adabca59551991bbee37f5e465255388') in 0.019901 seconds 
  Import took 0.022998 seconds .

========================================================================
Received Import Request.
  Time since last request: 0.000405 seconds.
  path: Assets/Environment/Ocean_Ground/Wellenbewegung_0005.png
  artifactKey: Guid(d809875009fd70f4790a4268925b61db) Importer(815301076,1909f56bfc062723c751e8b465ee728b)
Start importing Assets/Environment/Ocean_Ground/Wellenbewegung_0005.png using Guid(d809875009fd70f4790a4268925b61db) Importer(815301076,1909f56bfc062723c751e8b465ee728b)  -> (artifact id: 'cc48c1d9c82dec0c9bd52603fa9dac01') in 0.024013 seconds 
  Import took 0.026864 seconds .

========================================================================
Received Import Request.
  Time since last request: 0.000387 seconds.
  path: Assets/Environment/Ocean_Ground/Wellenbewegung_0006.png
  artifactKey: Guid(c6b97f75270324c4eacb67b7b259a2a1) Importer(815301076,1909f56bfc062723c751e8b465ee728b)
Start importing Assets/Environment/Ocean_Ground/Wellenbewegung_0006.png using Guid(c6b97f75270324c4eacb67b7b259a2a1) Importer(815301076,1909f56bfc062723c751e8b465ee728b)  -> (artifact id: '5a752d51561118abf7146fd77aa9b9d7') in 0.022768 seconds 
  Import took 0.025431 seconds .

========================================================================
Received Import Request.
  Time since last request: 0.000424 seconds.
  path: Assets/Environment/Ocean_Ground/Wellenbewegung_0017.png
  artifactKey: Guid(5c322023f8ad9de42987e733f4c08fb6) Importer(815301076,1909f56bfc062723c751e8b465ee728b)
Start importing Assets/Environment/Ocean_Ground/Wellenbewegung_0017.png using Guid(5c322023f8ad9de42987e733f4c08fb6) Importer(815301076,1909f56bfc062723c751e8b465ee728b)  -> (artifact id: 'f768eb01998df57f9a702b42f8a068a1') in 0.021895 seconds 
  Import took 0.025058 seconds .

========================================================================
Received Import Request.
  Time since last request: 25.255549 seconds.
  path: Assets/Environment/Ocean_Ground/ocean.controller
  artifactKey: Guid(06cc4ca7d09e0974393b95f224798b90) Importer(815301076,1909f56bfc062723c751e8b465ee728b)
Start importing Assets/Environment/Ocean_Ground/ocean.controller using Guid(06cc4ca7d09e0974393b95f224798b90) Importer(815301076,1909f56bfc062723c751e8b465ee728b)  -> (artifact id: '2efeebf96e6b561aa5d3fd3672d3ba6f') in 0.017271 seconds 
  Import took 0.020030 seconds .

========================================================================
Received Import Request.
  Time since last request: 12.427566 seconds.
  path: Assets/Environment/Ocean_Ground/ocean.anim
  artifactKey: Guid(def3ab0370e32044eab12f94324bc7d1) Importer(815301076,1909f56bfc062723c751e8b465ee728b)
Start importing Assets/Environment/Ocean_Ground/ocean.anim using Guid(def3ab0370e32044eab12f94324bc7d1) Importer(815301076,1909f56bfc062723c751e8b465ee728b)  -> (artifact id: '89a5f982dc3c60787ce1a91b704ce9ab') in 0.005489 seconds 
  Import took 0.009357 seconds .

========================================================================
Received Import Request.
  Time since last request: 213.036895 seconds.
  path: Assets/ANimations
  artifactKey: Guid(5ae70afb1e36f1449b6fef6e597d872f) Importer(815301076,1909f56bfc062723c751e8b465ee728b)
Start importing Assets/ANimations using Guid(5ae70afb1e36f1449b6fef6e597d872f) Importer(815301076,1909f56bfc062723c751e8b465ee728b)  -> (artifact id: '1be22c39bda6cd42388bf203f69e3259') in 0.015357 seconds 
  Import took 0.021509 seconds .

========================================================================
Received Import Request.
  Time since last request: 6.897043 seconds.
  path: Assets/Animations
  artifactKey: Guid(5ae70afb1e36f1449b6fef6e597d872f) Importer(815301076,1909f56bfc062723c751e8b465ee728b)
Start importing Assets/Animations using Guid(5ae70afb1e36f1449b6fef6e597d872f) Importer(815301076,1909f56bfc062723c751e8b465ee728b)  -> (artifact id: '38e3cc9a8bf1db6ba354aca29b9fd50d') in 0.012450 seconds 
  Import took 0.015547 seconds .

========================================================================
Received Import Request.
  Time since last request: 57.508975 seconds.
  path: Assets/Environment/Ocean_Ground/New Animator Override Controller.overrideController
  artifactKey: Guid(460df60897e7ba44c904753d24cd2503) Importer(815301076,1909f56bfc062723c751e8b465ee728b)
Start importing Assets/Environment/Ocean_Ground/New Animator Override Controller.overrideController using Guid(460df60897e7ba44c904753d24cd2503) Importer(815301076,1909f56bfc062723c751e8b465ee728b)  -> (artifact id: '4c6e6cfc952f96ac86fd2b092dd62306') in 0.014355 seconds 
  Import took 0.017840 seconds .

========================================================================
Received Import Request.
  Time since last request: 44.780251 seconds.
  path: Assets/Environment/Ocean_Ground/New Animation.anim
  artifactKey: Guid(987d9a34ee6534041b6b814b97cfb6a7) Importer(815301076,1909f56bfc062723c751e8b465ee728b)
Start importing Assets/Environment/Ocean_Ground/New Animation.anim using Guid(987d9a34ee6534041b6b814b97cfb6a7) Importer(815301076,1909f56bfc062723c751e8b465ee728b)  -> (artifact id: '0585c2da7c03ddde34b092d041582c35') in 0.017786 seconds 
  Import took 0.021853 seconds .

========================================================================
Received Import Request.
  Time since last request: 173.843863 seconds.
  path: Assets/Environment/Ocean_Ground/Wellenbewegung_0000.controller
  artifactKey: Guid(6015c44535568704fa2922c6e61b656e) Importer(815301076,1909f56bfc062723c751e8b465ee728b)
Start importing Assets/Environment/Ocean_Ground/Wellenbewegung_0000.controller using Guid(6015c44535568704fa2922c6e61b656e) Importer(815301076,1909f56bfc062723c751e8b465ee728b)  -> (artifact id: '04aa93f387a7319f962790b2607daab2') in 0.003668 seconds 
  Import took 0.016659 seconds .

========================================================================
Received Import Request.
  Time since last request: 2.387038 seconds.
  path: Assets/Environment/Ocean_Ground/ocean-anim.anim
  artifactKey: Guid(08b5860cd713a2440873dd635c1d2b20) Importer(815301076,1909f56bfc062723c751e8b465ee728b)
Start importing Assets/Environment/Ocean_Ground/ocean-anim.anim using Guid(08b5860cd713a2440873dd635c1d2b20) Importer(815301076,1909f56bfc062723c751e8b465ee728b)  -> (artifact id: 'f6bbb8d51415feb7f983ccc178e4434f') in 0.007939 seconds 
  Import took 0.011690 seconds .

========================================================================
Received Prepare
Registering precompiled user dll's ...
Registered in 0.003790 seconds.
Begin MonoManager ReloadAssembly
Native extension for WindowsStandalone target not found
Refreshing native plugins compatible for Editor in 0.41 ms, found 2 plugins.
Preloading 0 native plugins for Editor in 0.00 ms.
Mono: successfully reloaded assembly
- Completed reload, in  1.184 seconds
Domain Reload Profiling:
	ReloadAssembly (1185ms)
		BeginReloadAssembly (178ms)
			ExecutionOrderSort (0ms)
			DisableScriptedObjects (7ms)
			BackupInstance (0ms)
			ReleaseScriptingObjects (0ms)
			CreateAndSetChildDomain (60ms)
		EndReloadAssembly (947ms)
			LoadAssemblies (97ms)
			RebuildTransferFunctionScriptingTraits (0ms)
			SetupTypeCache (258ms)
			ReleaseScriptCaches (1ms)
			RebuildScriptCaches (63ms)
			SetupLoadedEditorAssemblies (427ms)
				LogAssemblyErrors (0ms)
				InitializePlatformSupportModulesInManaged (8ms)
				SetLoadedEditorAssemblies (1ms)
				RefreshPlugins (0ms)
				BeforeProcessingInitializeOnLoad (124ms)
				ProcessInitializeOnLoadAttributes (279ms)
				ProcessInitializeOnLoadMethodAttributes (8ms)
				AfterProcessingInitializeOnLoad (6ms)
				EditorAssembliesLoaded (1ms)
			ExecutionOrderSort2 (0ms)
			AwakeInstancesAfterBackupRestoration (8ms)
Platform modules already initialized, skipping
Refreshing native plugins compatible for Editor in 0.33 ms, found 2 plugins.
Preloading 0 native plugins for Editor in 0.00 ms.
Unloading 1499 Unused Serialized files (Serialized files now loaded: 0)
System memory in use before: 70.5 MB.
System memory in use after: 70.6 MB.

Unloading 14 unused Assets to reduce memory usage. Loaded Objects now: 1945.
Total: 2.584300 ms (FindLiveObjects: 0.163900 ms CreateObjectMapping: 0.045800 ms MarkObjects: 2.346700 ms  DeleteObjects: 0.025800 ms)

AssetImportParameters requested are different than current active one (requested -> active):
  custom:framework-win-MediaFoundation: 216162199b28c13a410421893ffa2e32 -> 
  custom:video-decoder-ogg-theora: a1e56fd34408186e4bbccfd4996cb3dc -> 
  custom:container-muxer-webm: aa71ff27fc2769a1b78a27578f13a17b -> 
  custom:container-demuxer-webm: 4f35f7cbe854078d1ac9338744f61a02 -> 
  custom:container-demuxer-ogg: 62fdf1f143b41e24485cea50d1cbac27 -> 
  custom:video-encoder-webm-vp8: eb34c28f22e8b96e1ab97ce403110664 -> 
  custom:video-codec-MediaFoundation-h265: 746d11721c4dcdbdad8f713fa42b33f4 -> 
  custom:video-decoder-webm-vp8: 9c59270c3fd7afecdb556c50c9e8de78 -> 
  custom:audio-decoder-ogg-vorbis: bf7c407c2cedff20999df2af8eb42d56 -> 
  custom:audio-encoder-webm-vorbis: bf7c407c2cedff20999df2af8eb42d56 -> 
========================================================================
Received Prepare
Registering precompiled user dll's ...
Registered in 0.002918 seconds.
Begin MonoManager ReloadAssembly
Native extension for WindowsStandalone target not found
Refreshing native plugins compatible for Editor in 0.57 ms, found 2 plugins.
Preloading 0 native plugins for Editor in 0.00 ms.
Mono: successfully reloaded assembly
- Completed reload, in  1.091 seconds
Domain Reload Profiling:
	ReloadAssembly (1092ms)
		BeginReloadAssembly (156ms)
			ExecutionOrderSort (0ms)
			DisableScriptedObjects (13ms)
			BackupInstance (0ms)
			ReleaseScriptingObjects (0ms)
			CreateAndSetChildDomain (51ms)
		EndReloadAssembly (868ms)
			LoadAssemblies (90ms)
			RebuildTransferFunctionScriptingTraits (0ms)
			SetupTypeCache (284ms)
			ReleaseScriptCaches (1ms)
			RebuildScriptCaches (62ms)
			SetupLoadedEditorAssemblies (331ms)
				LogAssemblyErrors (0ms)
				InitializePlatformSupportModulesInManaged (7ms)
				SetLoadedEditorAssemblies (1ms)
				RefreshPlugins (1ms)
				BeforeProcessingInitializeOnLoad (90ms)
				ProcessInitializeOnLoadAttributes (218ms)
				ProcessInitializeOnLoadMethodAttributes (9ms)
				AfterProcessingInitializeOnLoad (5ms)
				EditorAssembliesLoaded (0ms)
			ExecutionOrderSort2 (0ms)
			AwakeInstancesAfterBackupRestoration (8ms)
Platform modules already initialized, skipping
Refreshing native plugins compatible for Editor in 0.59 ms, found 2 plugins.
Preloading 0 native plugins for Editor in 0.00 ms.
Unloading 1499 Unused Serialized files (Serialized files now loaded: 0)
System memory in use before: 70.5 MB.
System memory in use after: 70.6 MB.

Unloading 14 unused Assets to reduce memory usage. Loaded Objects now: 1947.
Total: 2.829000 ms (FindLiveObjects: 0.120600 ms CreateObjectMapping: 0.030100 ms MarkObjects: 2.656600 ms  DeleteObjects: 0.020200 ms)

AssetImportParameters requested are different than current active one (requested -> active):
  custom:framework-win-MediaFoundation: 216162199b28c13a410421893ffa2e32 -> 
  custom:video-decoder-ogg-theora: a1e56fd34408186e4bbccfd4996cb3dc -> 
  custom:container-muxer-webm: aa71ff27fc2769a1b78a27578f13a17b -> 
  custom:container-demuxer-webm: 4f35f7cbe854078d1ac9338744f61a02 -> 
  custom:container-demuxer-ogg: 62fdf1f143b41e24485cea50d1cbac27 -> 
  custom:video-encoder-webm-vp8: eb34c28f22e8b96e1ab97ce403110664 -> 
  custom:video-codec-MediaFoundation-h265: 746d11721c4dcdbdad8f713fa42b33f4 -> 
  custom:video-decoder-webm-vp8: 9c59270c3fd7afecdb556c50c9e8de78 -> 
  custom:audio-decoder-ogg-vorbis: bf7c407c2cedff20999df2af8eb42d56 -> 
  custom:audio-encoder-webm-vorbis: bf7c407c2cedff20999df2af8eb42d56 -> 
========================================================================
Received Import Request.
  Time since last request: 387.013553 seconds.
  path: ProjectSettings/TagManager.asset
  artifactKey: Guid(00000000000000003000000000000000) Importer(815301076,1909f56bfc062723c751e8b465ee728b)
Start importing ProjectSettings/TagManager.asset using Guid(00000000000000003000000000000000) Importer(815301076,1909f56bfc062723c751e8b465ee728b)  -> (artifact id: '95df672b4aaba54310d34c83eef51bb8') in 0.030397 seconds 
  Import took 0.033642 seconds .

========================================================================
Received Import Request.
  Time since last request: 105.190208 seconds.
  path: Assets/Environment/Ocean_Ground/Wellenbewegung_0000.png
  artifactKey: Guid(c36097ed2c1a6ba4fab3ea426fd438e2) Importer(815301076,1909f56bfc062723c751e8b465ee728b)
Start importing Assets/Environment/Ocean_Ground/Wellenbewegung_0000.png using Guid(c36097ed2c1a6ba4fab3ea426fd438e2) Importer(815301076,1909f56bfc062723c751e8b465ee728b)  -> (artifact id: '5231eced7115fd1e8580278112ec29cc') in 0.061115 seconds 
  Import took 0.074832 seconds .

========================================================================
Received Import Request.
  Time since last request: 0.000507 seconds.
  path: Assets/Environment/Ocean_Ground/Wellenbewegung_0014.png
  artifactKey: Guid(78d0b2caa298f414291a91b865ba417f) Importer(815301076,1909f56bfc062723c751e8b465ee728b)
Start importing Assets/Environment/Ocean_Ground/Wellenbewegung_0014.png using Guid(78d0b2caa298f414291a91b865ba417f) Importer(815301076,1909f56bfc062723c751e8b465ee728b)  -> (artifact id: '9a0d0c24cf39ea788505e0aca5179fa8') in 0.021034 seconds 
  Import took 0.024798 seconds .

========================================================================
Received Import Request.
  Time since last request: 0.000302 seconds.
  path: Assets/Environment/Ocean_Ground/Wellenbewegung_0003.png
  artifactKey: Guid(d05f42166620581449ce46ed5f571a3c) Importer(815301076,1909f56bfc062723c751e8b465ee728b)
Start importing Assets/Environment/Ocean_Ground/Wellenbewegung_0003.png using Guid(d05f42166620581449ce46ed5f571a3c) Importer(815301076,1909f56bfc062723c751e8b465ee728b)  -> (artifact id: '9429e2178904ed777565d65c9d0fcce3') in 0.013113 seconds 
  Import took 0.016982 seconds .

========================================================================
Received Import Request.
  Time since last request: 0.000293 seconds.
  path: Assets/Environment/Ocean_Ground/Wellenbewegung_0004.png
  artifactKey: Guid(bc165aed66f99b0419882b3a85a7eb66) Importer(815301076,1909f56bfc062723c751e8b465ee728b)
Start importing Assets/Environment/Ocean_Ground/Wellenbewegung_0004.png using Guid(bc165aed66f99b0419882b3a85a7eb66) Importer(815301076,1909f56bfc062723c751e8b465ee728b)  -> (artifact id: '8cb0fbead7ff6db7a838f7c09528fa03') in 0.022410 seconds 
  Import took 0.027049 seconds .

========================================================================
Received Import Request.
  Time since last request: 0.000258 seconds.
  path: Assets/Environment/Ocean_Ground/Wellenbewegung_0008.png
  artifactKey: Guid(1cf0ace082782c64291b7b9e1f4bb616) Importer(815301076,1909f56bfc062723c751e8b465ee728b)
Start importing Assets/Environment/Ocean_Ground/Wellenbewegung_0008.png using Guid(1cf0ace082782c64291b7b9e1f4bb616) Importer(815301076,1909f56bfc062723c751e8b465ee728b)  -> (artifact id: '936f8d642ae0b683c41e9651d18c5754') in 0.019674 seconds 
  Import took 0.023026 seconds .

========================================================================
Received Import Request.
  Time since last request: 0.000283 seconds.
  path: Assets/Environment/Ocean_Ground/Wellenbewegung_0009.png
  artifactKey: Guid(038adc99c3f279f4d8285f3f78fcb86c) Importer(815301076,1909f56bfc062723c751e8b465ee728b)
Start importing Assets/Environment/Ocean_Ground/Wellenbewegung_0009.png using Guid(038adc99c3f279f4d8285f3f78fcb86c) Importer(815301076,1909f56bfc062723c751e8b465ee728b)  -> (artifact id: '2915039283d4324da0a62748b2fbd67c') in 0.024912 seconds 
  Import took 0.028250 seconds .

========================================================================
Received Import Request.
  Time since last request: 0.000356 seconds.
  path: Assets/Environment/Ocean_Ground/Wellenbewegung_0010.png
  artifactKey: Guid(e57bacc2176da4f4282c8b69b8803487) Importer(815301076,1909f56bfc062723c751e8b465ee728b)
Start importing Assets/Environment/Ocean_Ground/Wellenbewegung_0010.png using Guid(e57bacc2176da4f4282c8b69b8803487) Importer(815301076,1909f56bfc062723c751e8b465ee728b)  -> (artifact id: 'd415a659d955d6716246bde11d747ee7') in 0.012072 seconds 
  Import took 0.015984 seconds .

========================================================================
Received Import Request.
  Time since last request: 0.000216 seconds.
  path: Assets/Environment/Ocean_Ground/Wellenbewegung_0002.png
  artifactKey: Guid(deed3766444620343aee9a86b1b2678d) Importer(815301076,1909f56bfc062723c751e8b465ee728b)
Start importing Assets/Environment/Ocean_Ground/Wellenbewegung_0002.png using Guid(deed3766444620343aee9a86b1b2678d) Importer(815301076,1909f56bfc062723c751e8b465ee728b)  -> (artifact id: '6937a88f9d42ae8557d6515eb619ad66') in 0.012391 seconds 
  Import took 0.015847 seconds .

========================================================================
Received Import Request.
  Time since last request: 0.000490 seconds.
  path: Assets/Environment/Ocean_Ground/Wellenbewegung_0011.png
  artifactKey: Guid(1ef7a8fd7820dee4c8f0f77cac134ec1) Importer(815301076,1909f56bfc062723c751e8b465ee728b)
Start importing Assets/Environment/Ocean_Ground/Wellenbewegung_0011.png using Guid(1ef7a8fd7820dee4c8f0f77cac134ec1) Importer(815301076,1909f56bfc062723c751e8b465ee728b)  -> (artifact id: '8cc958b4dafd737146d9d9c07fc503c0') in 0.014019 seconds 
  Import took 0.017032 seconds .

========================================================================
Received Import Request.
  Time since last request: 0.000297 seconds.
  path: Assets/Environment/Ocean_Ground/Wellenbewegung_0018.png
  artifactKey: Guid(67e65717a7e44c843b66d501cc8f0b1d) Importer(815301076,1909f56bfc062723c751e8b465ee728b)
Start importing Assets/Environment/Ocean_Ground/Wellenbewegung_0018.png using Guid(67e65717a7e44c843b66d501cc8f0b1d) Importer(815301076,1909f56bfc062723c751e8b465ee728b)  -> (artifact id: 'a9a7ddad80f36f9bf842cb311d87c3d8') in 0.020057 seconds 
  Import took 0.022593 seconds .

========================================================================
Received Import Request.
  Time since last request: 0.000226 seconds.
  path: Assets/Environment/Ocean_Ground/Wellenbewegung_0001.png
  artifactKey: Guid(ec136a656deafeb42905477319880927) Importer(815301076,1909f56bfc062723c751e8b465ee728b)
Start importing Assets/Environment/Ocean_Ground/Wellenbewegung_0001.png using Guid(ec136a656deafeb42905477319880927) Importer(815301076,1909f56bfc062723c751e8b465ee728b)  -> (artifact id: 'ec97b8aa37b4b7c76c7958f5888d7879') in 0.019485 seconds 
  Import took 0.022688 seconds .

========================================================================
Received Import Request.
  Time since last request: 0.000279 seconds.
  path: Assets/Environment/Ocean_Ground/Wellenbewegung_0012.png
  artifactKey: Guid(74b5738b1bdda184ebd2f07f09f0407b) Importer(815301076,1909f56bfc062723c751e8b465ee728b)
Start importing Assets/Environment/Ocean_Ground/Wellenbewegung_0012.png using Guid(74b5738b1bdda184ebd2f07f09f0407b) Importer(815301076,1909f56bfc062723c751e8b465ee728b)  -> (artifact id: 'f1440d83cdb158cf1690c4ca25c2e822') in 0.013306 seconds 
  Import took 0.016420 seconds .

========================================================================
Received Import Request.
  Time since last request: 0.000221 seconds.
  path: Assets/Environment/Ocean_Ground/Wellenbewegung_0019.png
  artifactKey: Guid(5f5ee702c82fbf44c8514f45bbd419fa) Importer(815301076,1909f56bfc062723c751e8b465ee728b)
Start importing Assets/Environment/Ocean_Ground/Wellenbewegung_0019.png using Guid(5f5ee702c82fbf44c8514f45bbd419fa) Importer(815301076,1909f56bfc062723c751e8b465ee728b)  -> (artifact id: '2263aca16008e138cd82fcb2b36fe721') in 0.012006 seconds 
  Import took 0.015081 seconds .

========================================================================
Received Import Request.
  Time since last request: 0.000213 seconds.
  path: Assets/Environment/Ocean_Ground/Wellenbewegung_0016.png
  artifactKey: Guid(38cca7ca415ba8b40b156c00f3b71e5c) Importer(815301076,1909f56bfc062723c751e8b465ee728b)
Start importing Assets/Environment/Ocean_Ground/Wellenbewegung_0016.png using Guid(38cca7ca415ba8b40b156c00f3b71e5c) Importer(815301076,1909f56bfc062723c751e8b465ee728b)  -> (artifact id: '646e2364d78080cadc4b52813635aa41') in 0.012684 seconds 
  Import took 0.015571 seconds .

========================================================================
Received Import Request.
  Time since last request: 0.000270 seconds.
  path: Assets/Environment/Ocean_Ground/Wellenbewegung_0007.png
  artifactKey: Guid(b4a12d47a052d284ab54b199f84fceaa) Importer(815301076,1909f56bfc062723c751e8b465ee728b)
Start importing Assets/Environment/Ocean_Ground/Wellenbewegung_0007.png using Guid(b4a12d47a052d284ab54b199f84fceaa) Importer(815301076,1909f56bfc062723c751e8b465ee728b)  -> (artifact id: '7deb1f6a8fb3b4eb14d30d087dc44f55') in 0.013298 seconds 
  Import took 0.016483 seconds .

========================================================================
Received Import Request.
  Time since last request: 0.000423 seconds.
  path: Assets/Environment/Ocean_Ground/Wellenbewegung_0015.png
  artifactKey: Guid(ddbd0cc3856c84c4b9a45ffd2eaa402c) Importer(815301076,1909f56bfc062723c751e8b465ee728b)
Start importing Assets/Environment/Ocean_Ground/Wellenbewegung_0015.png using Guid(ddbd0cc3856c84c4b9a45ffd2eaa402c) Importer(815301076,1909f56bfc062723c751e8b465ee728b)  -> (artifact id: '87e034c96ca01357d293a199cb02b592') in 0.012395 seconds 
  Import took 0.015351 seconds .

========================================================================
Received Import Request.
  Time since last request: 0.004472 seconds.
  path: Assets/Environment/Ocean_Ground/Wellenbewegung_0013.png
  artifactKey: Guid(243b873619e8fb0408f1c1be4b1e9d01) Importer(815301076,1909f56bfc062723c751e8b465ee728b)
Start importing Assets/Environment/Ocean_Ground/Wellenbewegung_0013.png using Guid(243b873619e8fb0408f1c1be4b1e9d01) Importer(815301076,1909f56bfc062723c751e8b465ee728b)  -> (artifact id: 'fdda9b5c568dfa75df74218fa9cd4e73') in 0.012149 seconds 
  Import took 0.016331 seconds .

========================================================================
Received Import Request.
  Time since last request: 0.000293 seconds.
  path: Assets/Environment/Ocean_Ground/Wellenbewegung_0005.png
  artifactKey: Guid(d809875009fd70f4790a4268925b61db) Importer(815301076,1909f56bfc062723c751e8b465ee728b)
Start importing Assets/Environment/Ocean_Ground/Wellenbewegung_0005.png using Guid(d809875009fd70f4790a4268925b61db) Importer(815301076,1909f56bfc062723c751e8b465ee728b)  -> (artifact id: 'f1c19bb82a5d8ec94ecbe525e29e1b87') in 0.015137 seconds 
  Import took 0.018543 seconds .

========================================================================
Received Import Request.
  Time since last request: 0.000280 seconds.
  path: Assets/Environment/Ocean_Ground/Wellenbewegung_0006.png
  artifactKey: Guid(c6b97f75270324c4eacb67b7b259a2a1) Importer(815301076,1909f56bfc062723c751e8b465ee728b)
Start importing Assets/Environment/Ocean_Ground/Wellenbewegung_0006.png using Guid(c6b97f75270324c4eacb67b7b259a2a1) Importer(815301076,1909f56bfc062723c751e8b465ee728b)  -> (artifact id: '15a622cff4251c947a30d08658af36fc') in 0.012392 seconds 
  Import took 0.015913 seconds .

========================================================================
Received Import Request.
  Time since last request: 0.000233 seconds.
  path: Assets/Environment/Ocean_Ground/Wellenbewegung_0017.png
  artifactKey: Guid(5c322023f8ad9de42987e733f4c08fb6) Importer(815301076,1909f56bfc062723c751e8b465ee728b)
Start importing Assets/Environment/Ocean_Ground/Wellenbewegung_0017.png using Guid(5c322023f8ad9de42987e733f4c08fb6) Importer(815301076,1909f56bfc062723c751e8b465ee728b)  -> (artifact id: '0d280b27ec4120130b2cc58b12a27bb3') in 0.013066 seconds 
  Import took 0.016271 seconds .

========================================================================
Received Prepare
Registering precompiled user dll's ...
Registered in 0.003467 seconds.
Begin MonoManager ReloadAssembly
Native extension for WindowsStandalone target not found
Refreshing native plugins compatible for Editor in 0.35 ms, found 2 plugins.
Preloading 0 native plugins for Editor in 0.00 ms.
Mono: successfully reloaded assembly
- Completed reload, in  0.952 seconds
Domain Reload Profiling:
	ReloadAssembly (953ms)
		BeginReloadAssembly (124ms)
			ExecutionOrderSort (0ms)
			DisableScriptedObjects (4ms)
			BackupInstance (0ms)
			ReleaseScriptingObjects (0ms)
			CreateAndSetChildDomain (37ms)
		EndReloadAssembly (775ms)
			LoadAssemblies (77ms)
			RebuildTransferFunctionScriptingTraits (0ms)
			SetupTypeCache (231ms)
			ReleaseScriptCaches (1ms)
			RebuildScriptCaches (53ms)
			SetupLoadedEditorAssemblies (319ms)
				LogAssemblyErrors (0ms)
				InitializePlatformSupportModulesInManaged (5ms)
				SetLoadedEditorAssemblies (0ms)
				RefreshPlugins (0ms)
				BeforeProcessingInitializeOnLoad (89ms)
				ProcessInitializeOnLoadAttributes (206ms)
				ProcessInitializeOnLoadMethodAttributes (11ms)
				AfterProcessingInitializeOnLoad (8ms)
				EditorAssembliesLoaded (0ms)
			ExecutionOrderSort2 (0ms)
			AwakeInstancesAfterBackupRestoration (7ms)
Platform modules already initialized, skipping
Refreshing native plugins compatible for Editor in 0.33 ms, found 2 plugins.
Preloading 0 native plugins for Editor in 0.00 ms.
Unloading 1499 Unused Serialized files (Serialized files now loaded: 0)
System memory in use before: 70.6 MB.
System memory in use after: 70.7 MB.

Unloading 15 unused Assets to reduce memory usage. Loaded Objects now: 1950.
Total: 3.042200 ms (FindLiveObjects: 0.145900 ms CreateObjectMapping: 0.043400 ms MarkObjects: 2.819500 ms  DeleteObjects: 0.032000 ms)

AssetImportParameters requested are different than current active one (requested -> active):
  custom:framework-win-MediaFoundation: 216162199b28c13a410421893ffa2e32 -> 
  custom:video-decoder-ogg-theora: a1e56fd34408186e4bbccfd4996cb3dc -> 
  custom:container-muxer-webm: aa71ff27fc2769a1b78a27578f13a17b -> 
  custom:container-demuxer-webm: 4f35f7cbe854078d1ac9338744f61a02 -> 
  custom:container-demuxer-ogg: 62fdf1f143b41e24485cea50d1cbac27 -> 
  custom:video-encoder-webm-vp8: eb34c28f22e8b96e1ab97ce403110664 -> 
  custom:video-codec-MediaFoundation-h265: 746d11721c4dcdbdad8f713fa42b33f4 -> 
  custom:video-decoder-webm-vp8: 9c59270c3fd7afecdb556c50c9e8de78 -> 
  custom:audio-decoder-ogg-vorbis: bf7c407c2cedff20999df2af8eb42d56 -> 
  custom:audio-encoder-webm-vorbis: bf7c407c2cedff20999df2af8eb42d56 -> 
========================================================================
Received Prepare
Registering precompiled user dll's ...
Registered in 0.002968 seconds.
Begin MonoManager ReloadAssembly
Native extension for WindowsStandalone target not found
Refreshing native plugins compatible for Editor in 0.57 ms, found 2 plugins.
Preloading 0 native plugins for Editor in 0.00 ms.
Mono: successfully reloaded assembly
- Completed reload, in  0.997 seconds
Domain Reload Profiling:
	ReloadAssembly (997ms)
		BeginReloadAssembly (106ms)
			ExecutionOrderSort (0ms)
			DisableScriptedObjects (4ms)
			BackupInstance (0ms)
			ReleaseScriptingObjects (0ms)
			CreateAndSetChildDomain (34ms)
		EndReloadAssembly (833ms)
			LoadAssemblies (68ms)
			RebuildTransferFunctionScriptingTraits (0ms)
			SetupTypeCache (252ms)
			ReleaseScriptCaches (1ms)
			RebuildScriptCaches (60ms)
			SetupLoadedEditorAssemblies (349ms)
				LogAssemblyErrors (0ms)
				InitializePlatformSupportModulesInManaged (5ms)
				SetLoadedEditorAssemblies (1ms)
				RefreshPlugins (1ms)
				BeforeProcessingInitializeOnLoad (92ms)
				ProcessInitializeOnLoadAttributes (234ms)
				ProcessInitializeOnLoadMethodAttributes (10ms)
				AfterProcessingInitializeOnLoad (6ms)
				EditorAssembliesLoaded (0ms)
			ExecutionOrderSort2 (0ms)
			AwakeInstancesAfterBackupRestoration (10ms)
Platform modules already initialized, skipping
Refreshing native plugins compatible for Editor in 0.40 ms, found 2 plugins.
Preloading 0 native plugins for Editor in 0.00 ms.
Unloading 1499 Unused Serialized files (Serialized files now loaded: 0)
System memory in use before: 70.6 MB.
System memory in use after: 70.7 MB.

Unloading 14 unused Assets to reduce memory usage. Loaded Objects now: 1952.
Total: 2.803900 ms (FindLiveObjects: 0.147200 ms CreateObjectMapping: 0.042600 ms MarkObjects: 2.580200 ms  DeleteObjects: 0.032500 ms)

AssetImportParameters requested are different than current active one (requested -> active):
  custom:framework-win-MediaFoundation: 216162199b28c13a410421893ffa2e32 -> 
  custom:video-decoder-ogg-theora: a1e56fd34408186e4bbccfd4996cb3dc -> 
  custom:container-muxer-webm: aa71ff27fc2769a1b78a27578f13a17b -> 
  custom:container-demuxer-webm: 4f35f7cbe854078d1ac9338744f61a02 -> 
  custom:container-demuxer-ogg: 62fdf1f143b41e24485cea50d1cbac27 -> 
  custom:video-encoder-webm-vp8: eb34c28f22e8b96e1ab97ce403110664 -> 
  custom:video-codec-MediaFoundation-h265: 746d11721c4dcdbdad8f713fa42b33f4 -> 
  custom:video-decoder-webm-vp8: 9c59270c3fd7afecdb556c50c9e8de78 -> 
  custom:audio-decoder-ogg-vorbis: bf7c407c2cedff20999df2af8eb42d56 -> 
  custom:audio-encoder-webm-vorbis: bf7c407c2cedff20999df2af8eb42d56 -> 
========================================================================
Received Prepare
Registering precompiled user dll's ...
Registered in 0.002923 seconds.
Begin MonoManager ReloadAssembly
Native extension for WindowsStandalone target not found
Refreshing native plugins compatible for Editor in 0.39 ms, found 2 plugins.
Preloading 0 native plugins for Editor in 0.00 ms.
Mono: successfully reloaded assembly
- Completed reload, in  1.005 seconds
Domain Reload Profiling:
	ReloadAssembly (1006ms)
		BeginReloadAssembly (115ms)
			ExecutionOrderSort (0ms)
			DisableScriptedObjects (6ms)
			BackupInstance (0ms)
			ReleaseScriptingObjects (0ms)
			CreateAndSetChildDomain (35ms)
		EndReloadAssembly (821ms)
			LoadAssemblies (80ms)
			RebuildTransferFunctionScriptingTraits (0ms)
			SetupTypeCache (246ms)
			ReleaseScriptCaches (1ms)
			RebuildScriptCaches (53ms)
			SetupLoadedEditorAssemblies (315ms)
				LogAssemblyErrors (0ms)
				InitializePlatformSupportModulesInManaged (5ms)
				SetLoadedEditorAssemblies (0ms)
				RefreshPlugins (0ms)
				BeforeProcessingInitializeOnLoad (87ms)
				ProcessInitializeOnLoadAttributes (207ms)
				ProcessInitializeOnLoadMethodAttributes (10ms)
				AfterProcessingInitializeOnLoad (5ms)
				EditorAssembliesLoaded (0ms)
			ExecutionOrderSort2 (0ms)
			AwakeInstancesAfterBackupRestoration (6ms)
Platform modules already initialized, skipping
Refreshing native plugins compatible for Editor in 0.52 ms, found 2 plugins.
Preloading 0 native plugins for Editor in 0.00 ms.
Unloading 1499 Unused Serialized files (Serialized files now loaded: 0)
System memory in use before: 70.6 MB.
System memory in use after: 70.7 MB.

Unloading 14 unused Assets to reduce memory usage. Loaded Objects now: 1954.
Total: 2.861700 ms (FindLiveObjects: 0.130900 ms CreateObjectMapping: 0.040800 ms MarkObjects: 2.666600 ms  DeleteObjects: 0.022300 ms)

AssetImportParameters requested are different than current active one (requested -> active):
  custom:framework-win-MediaFoundation: 216162199b28c13a410421893ffa2e32 -> 
  custom:video-decoder-ogg-theora: a1e56fd34408186e4bbccfd4996cb3dc -> 
  custom:container-muxer-webm: aa71ff27fc2769a1b78a27578f13a17b -> 
  custom:container-demuxer-webm: 4f35f7cbe854078d1ac9338744f61a02 -> 
  custom:container-demuxer-ogg: 62fdf1f143b41e24485cea50d1cbac27 -> 
  custom:video-encoder-webm-vp8: eb34c28f22e8b96e1ab97ce403110664 -> 
  custom:video-codec-MediaFoundation-h265: 746d11721c4dcdbdad8f713fa42b33f4 -> 
  custom:video-decoder-webm-vp8: 9c59270c3fd7afecdb556c50c9e8de78 -> 
  custom:audio-decoder-ogg-vorbis: bf7c407c2cedff20999df2af8eb42d56 -> 
  custom:audio-encoder-webm-vorbis: bf7c407c2cedff20999df2af8eb42d56 -> 
========================================================================
Received Prepare
Registering precompiled user dll's ...
Registered in 0.002888 seconds.
Begin MonoManager ReloadAssembly
Native extension for WindowsStandalone target not found
Refreshing native plugins compatible for Editor in 0.40 ms, found 2 plugins.
Preloading 0 native plugins for Editor in 0.00 ms.
Mono: successfully reloaded assembly
- Completed reload, in  0.996 seconds
Domain Reload Profiling:
	ReloadAssembly (997ms)
		BeginReloadAssembly (121ms)
			ExecutionOrderSort (0ms)
			DisableScriptedObjects (6ms)
			BackupInstance (0ms)
			ReleaseScriptingObjects (0ms)
			CreateAndSetChildDomain (38ms)
		EndReloadAssembly (810ms)
			LoadAssemblies (88ms)
			RebuildTransferFunctionScriptingTraits (0ms)
			SetupTypeCache (290ms)
			ReleaseScriptCaches (1ms)
			RebuildScriptCaches (47ms)
			SetupLoadedEditorAssemblies (301ms)
				LogAssemblyErrors (0ms)
				InitializePlatformSupportModulesInManaged (5ms)
				SetLoadedEditorAssemblies (1ms)
				RefreshPlugins (0ms)
				BeforeProcessingInitializeOnLoad (80ms)
				ProcessInitializeOnLoadAttributes (200ms)
				ProcessInitializeOnLoadMethodAttributes (9ms)
				AfterProcessingInitializeOnLoad (5ms)
				EditorAssembliesLoaded (0ms)
			ExecutionOrderSort2 (0ms)
			AwakeInstancesAfterBackupRestoration (6ms)
Platform modules already initialized, skipping
Refreshing native plugins compatible for Editor in 0.35 ms, found 2 plugins.
Preloading 0 native plugins for Editor in 0.00 ms.
Unloading 1500 Unused Serialized files (Serialized files now loaded: 0)
System memory in use before: 70.6 MB.
System memory in use after: 70.7 MB.

Unloading 14 unused Assets to reduce memory usage. Loaded Objects now: 1957.
Total: 2.809700 ms (FindLiveObjects: 0.171900 ms CreateObjectMapping: 0.036000 ms MarkObjects: 2.574500 ms  DeleteObjects: 0.025800 ms)

AssetImportParameters requested are different than current active one (requested -> active):
  custom:framework-win-MediaFoundation: 216162199b28c13a410421893ffa2e32 -> 
  custom:video-decoder-ogg-theora: a1e56fd34408186e4bbccfd4996cb3dc -> 
  custom:container-muxer-webm: aa71ff27fc2769a1b78a27578f13a17b -> 
  custom:container-demuxer-webm: 4f35f7cbe854078d1ac9338744f61a02 -> 
  custom:container-demuxer-ogg: 62fdf1f143b41e24485cea50d1cbac27 -> 
  custom:video-encoder-webm-vp8: eb34c28f22e8b96e1ab97ce403110664 -> 
  custom:video-codec-MediaFoundation-h265: 746d11721c4dcdbdad8f713fa42b33f4 -> 
  custom:video-decoder-webm-vp8: 9c59270c3fd7afecdb556c50c9e8de78 -> 
  custom:audio-decoder-ogg-vorbis: bf7c407c2cedff20999df2af8eb42d56 -> 
  custom:audio-encoder-webm-vorbis: bf7c407c2cedff20999df2af8eb42d56 -> 
========================================================================
Received Import Request.
  Time since last request: 151.075730 seconds.
  path: Assets/Environment/Environment-scripts.cs
  artifactKey: Guid(8e0fd3864db80e4459640e0cbcfbd33c) Importer(815301076,1909f56bfc062723c751e8b465ee728b)
Start importing Assets/Environment/Environment-scripts.cs using Guid(8e0fd3864db80e4459640e0cbcfbd33c) Importer(815301076,1909f56bfc062723c751e8b465ee728b)  -> (artifact id: '364159efca41bfa99cb0eca71252dcc8') in 0.031809 seconds 
  Import took 0.034510 seconds .

========================================================================
Received Import Request.
  Time since last request: 38.771065 seconds.
  path: Assets/Environment/environment.cs
  artifactKey: Guid(8e0fd3864db80e4459640e0cbcfbd33c) Importer(815301076,1909f56bfc062723c751e8b465ee728b)
Start importing Assets/Environment/environment.cs using Guid(8e0fd3864db80e4459640e0cbcfbd33c) Importer(815301076,1909f56bfc062723c751e8b465ee728b)  -> (artifact id: '5f429663d46e8689a9780d10af2a7a5d') in 0.011511 seconds 
  Import took 0.016410 seconds .

========================================================================
Received Prepare
Registering precompiled user dll's ...
Registered in 0.006935 seconds.
Begin MonoManager ReloadAssembly
Native extension for WindowsStandalone target not found
Refreshing native plugins compatible for Editor in 0.47 ms, found 2 plugins.
Preloading 0 native plugins for Editor in 0.00 ms.
Mono: successfully reloaded assembly
- Completed reload, in  0.913 seconds
Domain Reload Profiling:
	ReloadAssembly (913ms)
		BeginReloadAssembly (106ms)
			ExecutionOrderSort (0ms)
			DisableScriptedObjects (6ms)
			BackupInstance (0ms)
			ReleaseScriptingObjects (0ms)
			CreateAndSetChildDomain (32ms)
		EndReloadAssembly (747ms)
			LoadAssemblies (73ms)
			RebuildTransferFunctionScriptingTraits (0ms)
			SetupTypeCache (246ms)
			ReleaseScriptCaches (1ms)
			RebuildScriptCaches (48ms)
			SetupLoadedEditorAssemblies (296ms)
				LogAssemblyErrors (0ms)
				InitializePlatformSupportModulesInManaged (5ms)
				SetLoadedEditorAssemblies (0ms)
				RefreshPlugins (1ms)
				BeforeProcessingInitializeOnLoad (73ms)
				ProcessInitializeOnLoadAttributes (203ms)
				ProcessInitializeOnLoadMethodAttributes (9ms)
				AfterProcessingInitializeOnLoad (5ms)
				EditorAssembliesLoaded (0ms)
			ExecutionOrderSort2 (0ms)
			AwakeInstancesAfterBackupRestoration (6ms)
Platform modules already initialized, skipping
Refreshing native plugins compatible for Editor in 0.45 ms, found 2 plugins.
Preloading 0 native plugins for Editor in 0.00 ms.
Unloading 1499 Unused Serialized files (Serialized files now loaded: 0)
System memory in use before: 70.6 MB.
System memory in use after: 70.7 MB.

Unloading 15 unused Assets to reduce memory usage. Loaded Objects now: 1958.
Total: 3.168400 ms (FindLiveObjects: 0.285100 ms CreateObjectMapping: 0.127800 ms MarkObjects: 2.725300 ms  DeleteObjects: 0.027900 ms)

AssetImportParameters requested are different than current active one (requested -> active):
  custom:framework-win-MediaFoundation: 216162199b28c13a410421893ffa2e32 -> 
  custom:video-decoder-ogg-theora: a1e56fd34408186e4bbccfd4996cb3dc -> 
  custom:container-muxer-webm: aa71ff27fc2769a1b78a27578f13a17b -> 
  custom:container-demuxer-webm: 4f35f7cbe854078d1ac9338744f61a02 -> 
  custom:container-demuxer-ogg: 62fdf1f143b41e24485cea50d1cbac27 -> 
  custom:video-encoder-webm-vp8: eb34c28f22e8b96e1ab97ce403110664 -> 
  custom:video-codec-MediaFoundation-h265: 746d11721c4dcdbdad8f713fa42b33f4 -> 
  custom:video-decoder-webm-vp8: 9c59270c3fd7afecdb556c50c9e8de78 -> 
  custom:audio-decoder-ogg-vorbis: bf7c407c2cedff20999df2af8eb42d56 -> 
  custom:audio-encoder-webm-vorbis: bf7c407c2cedff20999df2af8eb42d56 -> 
========================================================================
Received Prepare
Registering precompiled user dll's ...
Registered in 0.002789 seconds.
Begin MonoManager ReloadAssembly
Native extension for WindowsStandalone target not found
Refreshing native plugins compatible for Editor in 0.43 ms, found 2 plugins.
Preloading 0 native plugins for Editor in 0.00 ms.
Mono: successfully reloaded assembly
- Completed reload, in  0.930 seconds
Domain Reload Profiling:
	ReloadAssembly (931ms)
		BeginReloadAssembly (118ms)
			ExecutionOrderSort (0ms)
			DisableScriptedObjects (7ms)
			BackupInstance (0ms)
			ReleaseScriptingObjects (0ms)
			CreateAndSetChildDomain (30ms)
		EndReloadAssembly (759ms)
			LoadAssemblies (82ms)
			RebuildTransferFunctionScriptingTraits (0ms)
			SetupTypeCache (250ms)
			ReleaseScriptCaches (1ms)
			RebuildScriptCaches (43ms)
			SetupLoadedEditorAssemblies (296ms)
				LogAssemblyErrors (0ms)
				InitializePlatformSupportModulesInManaged (4ms)
				SetLoadedEditorAssemblies (1ms)
				RefreshPlugins (0ms)
				BeforeProcessingInitializeOnLoad (82ms)
				ProcessInitializeOnLoadAttributes (195ms)
				ProcessInitializeOnLoadMethodAttributes (8ms)
				AfterProcessingInitializeOnLoad (5ms)
				EditorAssembliesLoaded (0ms)
			ExecutionOrderSort2 (0ms)
			AwakeInstancesAfterBackupRestoration (8ms)
Platform modules already initialized, skipping
Refreshing native plugins compatible for Editor in 0.39 ms, found 2 plugins.
Preloading 0 native plugins for Editor in 0.00 ms.
Unloading 1500 Unused Serialized files (Serialized files now loaded: 0)
System memory in use before: 70.6 MB.
System memory in use after: 70.7 MB.

Unloading 14 unused Assets to reduce memory usage. Loaded Objects now: 1961.
Total: 3.829500 ms (FindLiveObjects: 0.137700 ms CreateObjectMapping: 0.041000 ms MarkObjects: 3.605500 ms  DeleteObjects: 0.043500 ms)

AssetImportParameters requested are different than current active one (requested -> active):
  custom:framework-win-MediaFoundation: 216162199b28c13a410421893ffa2e32 -> 
  custom:video-decoder-ogg-theora: a1e56fd34408186e4bbccfd4996cb3dc -> 
  custom:container-muxer-webm: aa71ff27fc2769a1b78a27578f13a17b -> 
  custom:container-demuxer-webm: 4f35f7cbe854078d1ac9338744f61a02 -> 
  custom:container-demuxer-ogg: 62fdf1f143b41e24485cea50d1cbac27 -> 
  custom:video-encoder-webm-vp8: eb34c28f22e8b96e1ab97ce403110664 -> 
  custom:video-codec-MediaFoundation-h265: 746d11721c4dcdbdad8f713fa42b33f4 -> 
  custom:video-decoder-webm-vp8: 9c59270c3fd7afecdb556c50c9e8de78 -> 
  custom:audio-decoder-ogg-vorbis: bf7c407c2cedff20999df2af8eb42d56 -> 
  custom:audio-encoder-webm-vorbis: bf7c407c2cedff20999df2af8eb42d56 -> 
========================================================================
Received Import Request.
  Time since last request: 98.486384 seconds.
  path: Assets/PlayerScripts/PlayerMovement.cs
  artifactKey: Guid(ae29f115e950c454893d51e11f8c4a51) Importer(815301076,1909f56bfc062723c751e8b465ee728b)
Start importing Assets/PlayerScripts/PlayerMovement.cs using Guid(ae29f115e950c454893d51e11f8c4a51) Importer(815301076,1909f56bfc062723c751e8b465ee728b)  -> (artifact id: '900f7af05443a2e5fcbee70d8585885f') in 0.153733 seconds 
  Import took 0.170798 seconds .

========================================================================
Received Import Request.
  Time since last request: 6.052859 seconds.
  path: Assets/PlayerScripts/Controller
  artifactKey: Guid(8664b367f95453448b447dc489b29dc1) Importer(815301076,1909f56bfc062723c751e8b465ee728b)
Start importing Assets/PlayerScripts/Controller using Guid(8664b367f95453448b447dc489b29dc1) Importer(815301076,1909f56bfc062723c751e8b465ee728b)  -> (artifact id: 'd38bb94d47bbf8174776782d30319025') in 0.030383 seconds 
  Import took 0.036929 seconds .

========================================================================
Received Import Request.
  Time since last request: 4.222131 seconds.
  path: Assets/PlayerScripts/Model/orca_stats.cs
  artifactKey: Guid(35dde15e7b5d0da4faefcf329e6fde1c) Importer(815301076,1909f56bfc062723c751e8b465ee728b)
Start importing Assets/PlayerScripts/Model/orca_stats.cs using Guid(35dde15e7b5d0da4faefcf329e6fde1c) Importer(815301076,1909f56bfc062723c751e8b465ee728b)  -> (artifact id: '11137ccc970daf1abe7d0192fc0b5f73') in 0.018354 seconds 
  Import took 0.022013 seconds .

========================================================================
Received Prepare
Registering precompiled user dll's ...
Registered in 0.075097 seconds.
Begin MonoManager ReloadAssembly
Native extension for WindowsStandalone target not found
Refreshing native plugins compatible for Editor in 0.69 ms, found 2 plugins.
Preloading 0 native plugins for Editor in 0.00 ms.
Mono: successfully reloaded assembly
- Completed reload, in  2.691 seconds
Domain Reload Profiling:
	ReloadAssembly (2705ms)
		BeginReloadAssembly (428ms)
			ExecutionOrderSort (0ms)
			DisableScriptedObjects (73ms)
			BackupInstance (0ms)
			ReleaseScriptingObjects (0ms)
			CreateAndSetChildDomain (163ms)
		EndReloadAssembly (2177ms)
			LoadAssemblies (163ms)
			RebuildTransferFunctionScriptingTraits (0ms)
			SetupTypeCache (774ms)
			ReleaseScriptCaches (3ms)
			RebuildScriptCaches (247ms)
			SetupLoadedEditorAssemblies (377ms)
				LogAssemblyErrors (0ms)
				InitializePlatformSupportModulesInManaged (11ms)
				SetLoadedEditorAssemblies (1ms)
				RefreshPlugins (1ms)
				BeforeProcessingInitializeOnLoad (119ms)
				ProcessInitializeOnLoadAttributes (226ms)
				ProcessInitializeOnLoadMethodAttributes (13ms)
				AfterProcessingInitializeOnLoad (6ms)
				EditorAssembliesLoaded (0ms)
			ExecutionOrderSort2 (0ms)
			AwakeInstancesAfterBackupRestoration (6ms)
Platform modules already initialized, skipping
Refreshing native plugins compatible for Editor in 0.34 ms, found 2 plugins.
Preloading 0 native plugins for Editor in 0.00 ms.
Unloading 1500 Unused Serialized files (Serialized files now loaded: 0)
System memory in use before: 70.6 MB.
System memory in use after: 70.8 MB.

Unloading 14 unused Assets to reduce memory usage. Loaded Objects now: 1963.
Total: 4.425100 ms (FindLiveObjects: 0.757600 ms CreateObjectMapping: 0.051000 ms MarkObjects: 3.536500 ms  DeleteObjects: 0.077300 ms)

AssetImportParameters requested are different than current active one (requested -> active):
  custom:framework-win-MediaFoundation: 216162199b28c13a410421893ffa2e32 -> 
  custom:video-decoder-ogg-theora: a1e56fd34408186e4bbccfd4996cb3dc -> 
  custom:container-muxer-webm: aa71ff27fc2769a1b78a27578f13a17b -> 
  custom:container-demuxer-webm: 4f35f7cbe854078d1ac9338744f61a02 -> 
  custom:container-demuxer-ogg: 62fdf1f143b41e24485cea50d1cbac27 -> 
  custom:video-encoder-webm-vp8: eb34c28f22e8b96e1ab97ce403110664 -> 
  custom:video-codec-MediaFoundation-h265: 746d11721c4dcdbdad8f713fa42b33f4 -> 
  custom:video-decoder-webm-vp8: 9c59270c3fd7afecdb556c50c9e8de78 -> 
  custom:audio-decoder-ogg-vorbis: bf7c407c2cedff20999df2af8eb42d56 -> 
  custom:audio-encoder-webm-vorbis: bf7c407c2cedff20999df2af8eb42d56 -> 
AssetImportWorkerClient::OnTransportError - code=2 error=End of file
